c:\users\simon\documents\visual studio 2013\projects\arl_ant\arl_ant\debug\vc120.pdb
c:\users\simon\documents\visual studio 2013\projects\arl_ant\arl_ant\debug\vc120.idb
c:\users\simon\documents\visual studio 2013\projects\arl_ant\arl_ant\debug\aisystem.obj
c:\users\simon\documents\visual studio 2013\projects\arl_ant\arl_ant\debug\componentdatamodel.obj
c:\users\simon\documents\visual studio 2013\projects\arl_ant\arl_ant\debug\eventmanager.obj
c:\users\simon\documents\visual studio 2013\projects\arl_ant\arl_ant\debug\fieldsystem.obj
c:\users\simon\documents\visual studio 2013\projects\arl_ant\arl_ant\debug\game.obj
c:\users\simon\documents\visual studio 2013\projects\arl_ant\arl_ant\debug\inputsystem.obj
c:\users\simon\documents\visual studio 2013\projects\arl_ant\arl_ant\debug\main.obj
c:\users\simon\documents\visual studio 2013\projects\arl_ant\arl_ant\debug\renderglsystem.obj
c:\users\simon\documents\visual studio 2013\projects\arl_ant\arl_ant\debug\shader.obj
c:\users\simon\documents\visual studio 2013\projects\arl_ant\arl_ant\debug\spriteanimationsystem.obj
c:\users\simon\documents\visual studio 2013\projects\arl_ant\arl_ant\debug\spritebatch.obj
c:\users\simon\documents\visual studio 2013\projects\arl_ant\arl_ant\debug\texture.obj
c:\users\simon\documents\visual studio 2013\projects\arl_ant\arl_ant\debug\textureloader.obj
c:\users\simon\documents\visual studio 2013\projects\arl_ant\debug\arl_ant.ilk
c:\users\simon\documents\visual studio 2013\projects\arl_ant\debug\arl_ant.exe
c:\users\simon\documents\visual studio 2013\projects\arl_ant\debug\arl_ant.pdb
c:\users\simon\documents\visual studio 2013\projects\arl_ant\arl_ant\debug\arl_ant.tlog\cl.command.1.tlog
c:\users\simon\documents\visual studio 2013\projects\arl_ant\arl_ant\debug\arl_ant.tlog\cl.read.1.tlog
c:\users\simon\documents\visual studio 2013\projects\arl_ant\arl_ant\debug\arl_ant.tlog\cl.write.1.tlog
c:\users\simon\documents\visual studio 2013\projects\arl_ant\arl_ant\debug\arl_ant.tlog\link.command.1.tlog
c:\users\simon\documents\visual studio 2013\projects\arl_ant\arl_ant\debug\arl_ant.tlog\link.read.1.tlog
c:\users\simon\documents\visual studio 2013\projects\arl_ant\arl_ant\debug\arl_ant.tlog\link.write.1.tlog
