j:\vs2013projects\arl_ant\arl_ant\release\vc120.pdb
j:\vs2013projects\arl_ant\arl_ant\release\textureloader.obj
j:\vs2013projects\arl_ant\arl_ant\release\texture.obj
j:\vs2013projects\arl_ant\arl_ant\release\spritebatch.obj
j:\vs2013projects\arl_ant\arl_ant\release\spriteanimationsystem.obj
j:\vs2013projects\arl_ant\arl_ant\release\shader.obj
j:\vs2013projects\arl_ant\arl_ant\release\renderglsystem.obj
j:\vs2013projects\arl_ant\arl_ant\release\main.obj
j:\vs2013projects\arl_ant\arl_ant\release\inputsystem.obj
j:\vs2013projects\arl_ant\arl_ant\release\game.obj
j:\vs2013projects\arl_ant\arl_ant\release\fieldsystem.obj
j:\vs2013projects\arl_ant\arl_ant\release\eventmanager.obj
j:\vs2013projects\arl_ant\arl_ant\release\componentdatamodel.obj
j:\vs2013projects\arl_ant\arl_ant\release\aisystem.obj
j:\vs2013projects\arl_ant\release\arl_ant.exe
j:\vs2013projects\arl_ant\release\arl_ant.pdb
j:\vs2013projects\arl_ant\arl_ant\release\arl_ant.tlog\cl.command.1.tlog
j:\vs2013projects\arl_ant\arl_ant\release\arl_ant.tlog\cl.read.1.tlog
j:\vs2013projects\arl_ant\arl_ant\release\arl_ant.tlog\cl.write.1.tlog
j:\vs2013projects\arl_ant\arl_ant\release\arl_ant.tlog\link.command.1.tlog
j:\vs2013projects\arl_ant\arl_ant\release\arl_ant.tlog\link.read.1.tlog
j:\vs2013projects\arl_ant\arl_ant\release\arl_ant.tlog\link.write.1.tlog
